Line 24: Class GdPicture_NET_14Ctl.GdViewer of control GdViewer1 was not a loaded control class.
Line 31: Property BackColor in GdViewer1 had an invalid value.
Line 32: The property name EnableDeferredPainting in GdViewer1 is invalid.
Line 33: The property name PageDisplayMode in GdViewer1 is invalid.
Line 34: The property name EnableTextSelection in GdViewer1 is invalid.
Line 35: The property name PreserveViewRotation in GdViewer1 is invalid.
Line 36: The property name AnnotationResizeRotateHandlesScale in GdViewer1 is invalid.
Line 37: The property name AnnotationDropShadow in GdViewer1 is invalid.
Line 38: The property name AnnotationEnableMultiSelect in GdViewer1 is invalid.
Line 39: The property name AllowDropFile in GdViewer1 is invalid.
Line 40: The property name HQAnnotationRendering in GdViewer1 is invalid.
Line 41: The property name RenderGdPictureAnnots in GdViewer1 is invalid.
Line 42: The property name EnableICM in GdViewer1 is invalid.
Line 43: The property name ZoomCenterAtMousePosition in GdViewer1 is invalid.
Line 44: The property name EnabledProgressBar in GdViewer1 is invalid.
Line 45: The property name DrawPageBorders in GdViewer1 is invalid.
Line 46: The property name PageBordersPenSize in GdViewer1 is invalid.
Line 47: The property name PageBordersColor in GdViewer1 is invalid.
Line 48: The property name PdfShowDialogForPassword in GdViewer1 is invalid.
Line 49: The property name PdfShowOpenFileDialogForDecryption in GdViewer1 is invalid.
Line 50: The property name PdfEnableFileLinks in GdViewer1 is invalid.
Line 51: The property name PdfIncreaseTextContrast in GdViewer1 is invalid.
Line 52: The property name PdfVerifyDigitalCertificates in GdViewer1 is invalid.
Line 53: The property name ScrollBars in GdViewer1 is invalid.
Line 54: The property name ForceScrollBars in GdViewer1 is invalid.
Line 55: The property name EnableMenu in GdViewer1 is invalid.
Line 56: The property name EnableFuzzySearch in GdViewer1 is invalid.
Line 57: The property name Zoom in GdViewer1 is invalid.
Line 58: The property name ViewRotation in GdViewer1 is invalid.
Line 59: The property name MouseMode in GdViewer1 is invalid.
Line 60: The property name MagnifierWidth in GdViewer1 is invalid.
Line 61: The property name MagnifierHeight in GdViewer1 is invalid.
Line 62: The property name MagnifierZoomX in GdViewer1 is invalid.
Line 63: The property name MagnifierZoomY in GdViewer1 is invalid.
Line 64: The property name ZoomStep in GdViewer1 is invalid.
Line 65: The property name RectBorderSize in GdViewer1 is invalid.
Line 66: The property name ScrollSmallChange in GdViewer1 is invalid.
Line 67: The property name ScrollLargeChange in GdViewer1 is invalid.
Line 68: The property name SilentMode in GdViewer1 is invalid.
Line 69: The property name ForceTemporaryMode in GdViewer1 is invalid.
Line 70: The property name IgnoreDocumentResolution in GdViewer1 is invalid.
Line 71: The property name LockViewer in GdViewer1 is invalid.
Line 72: The property name ZoomMode in GdViewer1 is invalid.
Line 73: The property name EnableMouseWheel in GdViewer1 is invalid.
Line 74: The property name DocumentAlignment in GdViewer1 is invalid.
Line 75: The property name DocumentPosition in GdViewer1 is invalid.
Line 76: The property name AnimateGIF in GdViewer1 is invalid.
Line 77: The property name DisplayQuality in GdViewer1 is invalid.
Line 78: The property name DisplayQualityAuto in GdViewer1 is invalid.
Line 79: The property name PdfDisplayFormField in GdViewer1 is invalid.
Line 80: The property name PdfEnableLinks in GdViewer1 is invalid.
Line 81: The property name KeepDocumentPosition in GdViewer1 is invalid.
Line 82: The property name MouseWheelMode in GdViewer1 is invalid.
Line 83: The property name Gamma in GdViewer1 is invalid.
Line 84: The property name RectIsEditable in GdViewer1 is invalid.
Line 85: The property name RegionsAreEditable in GdViewer1 is invalid.
Line 86: The property name ClipRegionsToPageBounds in GdViewer1 is invalid.
Line 87: The property name ClipAnnotsToPageBounds in GdViewer1 is invalid.
Line 88: The property name ContinuousViewMode in GdViewer1 is invalid.
Line 89: The property name MouseButtonForMouseMode in GdViewer1 is invalid.
Line 90: Property ForeColor in GdViewer1 had an invalid value.
Line 91: The property name Location in GdViewer1 is invalid.
Line 92: The property name Name in GdViewer1 is invalid.
Line 93: The property name Size in GdViewer1 is invalid.
Line 94: The property name Object.TabIndex in GdViewer1 is invalid.
